{"C:\\Users\\John\\WebstormProjects\\RSschool\\vite-project\\src\\App.tsx": {"path":"C:\\Users\\John\\WebstormProjects\\RSschool\\vite-project\\src\\App.tsx","all":true,"statementMap":{"0":{"start":{"line":1,"column":0},"end":{"line":1,"column":19}},"2":{"start":{"line":3,"column":0},"end":{"line":3,"column":48}},"3":{"start":{"line":4,"column":0},"end":{"line":4,"column":42}},"5":{"start":{"line":6,"column":0},"end":{"line":6,"column":16}},"6":{"start":{"line":7,"column":0},"end":{"line":7,"column":10}},"7":{"start":{"line":8,"column":0},"end":{"line":8,"column":9}},"8":{"start":{"line":9,"column":0},"end":{"line":9,"column":16}},"9":{"start":{"line":10,"column":0},"end":{"line":10,"column":16}},"10":{"start":{"line":11,"column":0},"end":{"line":11,"column":10}},"12":{"start":{"line":13,"column":0},"end":{"line":13,"column":1}},"14":{"start":{"line":15,"column":0},"end":{"line":15,"column":19}}},"s":{"0":0,"2":0,"3":0,"5":0,"6":0,"7":0,"8":0,"9":0,"10":0,"12":0,"14":0},"branchMap":{"0":{"type":"branch","line":1,"loc":{"start":{"line":1,"column":256},"end":{"line":15,"column":19}},"locations":[{"start":{"line":1,"column":256},"end":{"line":15,"column":19}}]}},"b":{"0":[0]},"fnMap":{"0":{"name":"(empty-report)","decl":{"start":{"line":1,"column":256},"end":{"line":15,"column":19}},"loc":{"start":{"line":1,"column":256},"end":{"line":15,"column":19}},"line":1}},"f":{"0":0}}
,"C:\\Users\\John\\WebstormProjects\\RSschool\\vite-project\\src\\main.tsx": {"path":"C:\\Users\\John\\WebstormProjects\\RSschool\\vite-project\\src\\main.tsx","all":true,"statementMap":{"0":{"start":{"line":1,"column":0},"end":{"line":1,"column":26}},"1":{"start":{"line":2,"column":0},"end":{"line":2,"column":40}},"2":{"start":{"line":3,"column":0},"end":{"line":3,"column":28}},"3":{"start":{"line":4,"column":0},"end":{"line":4,"column":71}},"4":{"start":{"line":5,"column":0},"end":{"line":5,"column":21}},"5":{"start":{"line":6,"column":0},"end":{"line":6,"column":32}},"6":{"start":{"line":7,"column":0},"end":{"line":7,"column":42}},"7":{"start":{"line":8,"column":0},"end":{"line":8,"column":34}},"9":{"start":{"line":10,"column":0},"end":{"line":10,"column":36}},"10":{"start":{"line":11,"column":0},"end":{"line":11,"column":3}},"11":{"start":{"line":12,"column":0},"end":{"line":12,"column":14}},"12":{"start":{"line":13,"column":0},"end":{"line":13,"column":21}},"13":{"start":{"line":14,"column":0},"end":{"line":14,"column":32}},"14":{"start":{"line":15,"column":0},"end":{"line":15,"column":15}},"15":{"start":{"line":16,"column":0},"end":{"line":16,"column":7}},"16":{"start":{"line":17,"column":0},"end":{"line":17,"column":21}},"17":{"start":{"line":18,"column":0},"end":{"line":18,"column":26}},"18":{"start":{"line":19,"column":0},"end":{"line":19,"column":8}},"19":{"start":{"line":20,"column":0},"end":{"line":20,"column":7}},"20":{"start":{"line":21,"column":0},"end":{"line":21,"column":22}},"21":{"start":{"line":22,"column":0},"end":{"line":22,"column":27}},"22":{"start":{"line":23,"column":0},"end":{"line":23,"column":8}},"23":{"start":{"line":24,"column":0},"end":{"line":24,"column":6}},"24":{"start":{"line":25,"column":0},"end":{"line":25,"column":4}},"25":{"start":{"line":26,"column":0},"end":{"line":26,"column":3}},"27":{"start":{"line":28,"column":0},"end":{"line":28,"column":61}},"28":{"start":{"line":29,"column":0},"end":{"line":29,"column":20}},"29":{"start":{"line":30,"column":0},"end":{"line":30,"column":38}},"30":{"start":{"line":31,"column":0},"end":{"line":31,"column":22}},"31":{"start":{"line":32,"column":0},"end":{"line":32,"column":2}}},"s":{"0":0,"1":0,"2":0,"3":0,"4":0,"5":0,"6":0,"7":0,"9":0,"10":0,"11":0,"12":0,"13":0,"14":0,"15":0,"16":0,"17":0,"18":0,"19":0,"20":0,"21":0,"22":0,"23":0,"24":0,"25":0,"27":0,"28":0,"29":0,"30":0,"31":0},"branchMap":{"0":{"type":"branch","line":1,"loc":{"start":{"line":1,"column":728},"end":{"line":32,"column":2}},"locations":[{"start":{"line":1,"column":728},"end":{"line":32,"column":2}}]}},"b":{"0":[0]},"fnMap":{"0":{"name":"(empty-report)","decl":{"start":{"line":1,"column":728},"end":{"line":32,"column":2}},"loc":{"start":{"line":1,"column":728},"end":{"line":32,"column":2}},"line":1}},"f":{"0":0}}
,"C:\\Users\\John\\WebstormProjects\\RSschool\\vite-project\\src\\components\\Card\\Card.tsx": {"path":"C:\\Users\\John\\WebstormProjects\\RSschool\\vite-project\\src\\components\\Card\\Card.tsx","all":false,"statementMap":{"0":{"start":{"line":1,"column":0},"end":{"line":1,"column":57}},"1":{"start":{"line":2,"column":0},"end":{"line":2,"column":39}},"3":{"start":{"line":4,"column":0},"end":{"line":4,"column":48}},"4":{"start":{"line":5,"column":0},"end":{"line":5,"column":55}},"6":{"start":{"line":7,"column":0},"end":{"line":7,"column":51}},"7":{"start":{"line":8,"column":0},"end":{"line":8,"column":50}},"9":{"start":{"line":10,"column":0},"end":{"line":10,"column":33}},"10":{"start":{"line":11,"column":0},"end":{"line":11,"column":22}},"11":{"start":{"line":12,"column":0},"end":{"line":12,"column":4}},"13":{"start":{"line":14,"column":0},"end":{"line":14,"column":34}},"14":{"start":{"line":15,"column":0},"end":{"line":15,"column":23}},"15":{"start":{"line":16,"column":0},"end":{"line":16,"column":4}},"16":{"start":{"line":17,"column":0},"end":{"line":17,"column":10}},"17":{"start":{"line":18,"column":0},"end":{"line":18,"column":33}},"18":{"start":{"line":19,"column":0},"end":{"line":19,"column":21}},"19":{"start":{"line":20,"column":0},"end":{"line":20,"column":12}},"20":{"start":{"line":21,"column":0},"end":{"line":21,"column":27}},"21":{"start":{"line":22,"column":0},"end":{"line":22,"column":27}},"22":{"start":{"line":23,"column":0},"end":{"line":23,"column":10}},"24":{"start":{"line":25,"column":0},"end":{"line":25,"column":10}},"25":{"start":{"line":26,"column":0},"end":{"line":26,"column":39}},"26":{"start":{"line":27,"column":0},"end":{"line":27,"column":21}},"27":{"start":{"line":28,"column":0},"end":{"line":28,"column":32}},"28":{"start":{"line":29,"column":0},"end":{"line":29,"column":34}},"29":{"start":{"line":30,"column":0},"end":{"line":30,"column":56}},"30":{"start":{"line":31,"column":0},"end":{"line":31,"column":8}},"31":{"start":{"line":32,"column":0},"end":{"line":32,"column":28}},"32":{"start":{"line":33,"column":0},"end":{"line":33,"column":33}},"33":{"start":{"line":34,"column":0},"end":{"line":34,"column":35}},"34":{"start":{"line":35,"column":0},"end":{"line":35,"column":10}},"36":{"start":{"line":37,"column":0},"end":{"line":37,"column":2}},"38":{"start":{"line":39,"column":0},"end":{"line":39,"column":20}}},"s":{"0":1,"1":1,"3":1,"4":1,"6":1,"7":4,"9":4,"10":0,"11":0,"13":4,"14":0,"15":0,"16":4,"17":4,"18":4,"19":4,"20":4,"21":4,"22":4,"24":4,"25":4,"26":4,"27":4,"28":4,"29":4,"30":4,"31":4,"32":4,"33":4,"34":4,"36":4,"38":1},"branchMap":{"0":{"type":"branch","line":7,"loc":{"start":{"line":7,"column":28},"end":{"line":37,"column":2}},"locations":[{"start":{"line":7,"column":28},"end":{"line":37,"column":2}}]},"1":{"type":"branch","line":26,"loc":{"start":{"line":26,"column":19},"end":{"line":26,"column":39}},"locations":[{"start":{"line":26,"column":19},"end":{"line":26,"column":39}}]},"2":{"type":"branch","line":30,"loc":{"start":{"line":30,"column":26},"end":{"line":30,"column":47}},"locations":[{"start":{"line":30,"column":26},"end":{"line":30,"column":47}}]}},"b":{"0":[4],"1":[3],"2":[0]},"fnMap":{"0":{"name":"Card","decl":{"start":{"line":7,"column":28},"end":{"line":37,"column":2}},"loc":{"start":{"line":7,"column":28},"end":{"line":37,"column":2}},"line":7},"1":{"name":"handleImageLoad","decl":{"start":{"line":10,"column":26},"end":{"line":12,"column":4}},"loc":{"start":{"line":10,"column":26},"end":{"line":12,"column":4}},"line":10},"2":{"name":"handleImageError","decl":{"start":{"line":14,"column":27},"end":{"line":16,"column":4}},"loc":{"start":{"line":14,"column":27},"end":{"line":16,"column":4}},"line":14}},"f":{"0":4,"1":0,"2":0}}
,"C:\\Users\\John\\WebstormProjects\\RSschool\\vite-project\\src\\components\\CardList\\CardList.tsx": {"path":"C:\\Users\\John\\WebstormProjects\\RSschool\\vite-project\\src\\components\\CardList\\CardList.tsx","all":false,"statementMap":{"0":{"start":{"line":1,"column":0},"end":{"line":1,"column":59}},"1":{"start":{"line":2,"column":0},"end":{"line":2,"column":32}},"2":{"start":{"line":3,"column":0},"end":{"line":3,"column":43}},"5":{"start":{"line":6,"column":0},"end":{"line":6,"column":54}},"20":{"start":{"line":21,"column":0},"end":{"line":21,"column":49}},"21":{"start":{"line":22,"column":0},"end":{"line":22,"column":52}},"22":{"start":{"line":23,"column":0},"end":{"line":23,"column":56}},"23":{"start":{"line":24,"column":0},"end":{"line":24,"column":58}},"25":{"start":{"line":26,"column":0},"end":{"line":26,"column":19}},"27":{"start":{"line":28,"column":0},"end":{"line":28,"column":45}},"28":{"start":{"line":29,"column":0},"end":{"line":29,"column":37}},"31":{"start":{"line":32,"column":0},"end":{"line":32,"column":43}},"33":{"start":{"line":34,"column":0},"end":{"line":34,"column":21}},"34":{"start":{"line":35,"column":0},"end":{"line":35,"column":27}},"35":{"start":{"line":36,"column":0},"end":{"line":36,"column":26}},"36":{"start":{"line":37,"column":0},"end":{"line":37,"column":26}},"37":{"start":{"line":38,"column":0},"end":{"line":38,"column":8}},"38":{"start":{"line":39,"column":0},"end":{"line":39,"column":25}},"39":{"start":{"line":40,"column":0},"end":{"line":40,"column":32}},"40":{"start":{"line":41,"column":0},"end":{"line":41,"column":26}},"41":{"start":{"line":42,"column":0},"end":{"line":42,"column":20}},"42":{"start":{"line":43,"column":0},"end":{"line":43,"column":9}},"44":{"start":{"line":45,"column":0},"end":{"line":45,"column":18}},"45":{"start":{"line":46,"column":0},"end":{"line":46,"column":47}},"46":{"start":{"line":47,"column":0},"end":{"line":47,"column":44}},"47":{"start":{"line":48,"column":0},"end":{"line":48,"column":6}},"48":{"start":{"line":49,"column":0},"end":{"line":49,"column":15}},"50":{"start":{"line":51,"column":0},"end":{"line":51,"column":29}},"51":{"start":{"line":52,"column":0},"end":{"line":52,"column":40}},"52":{"start":{"line":53,"column":0},"end":{"line":53,"column":22}},"53":{"start":{"line":54,"column":0},"end":{"line":54,"column":4}},"55":{"start":{"line":56,"column":0},"end":{"line":56,"column":14}},"56":{"start":{"line":57,"column":0},"end":{"line":57,"column":34}},"57":{"start":{"line":58,"column":0},"end":{"line":58,"column":3}},"58":{"start":{"line":59,"column":0},"end":{"line":59,"column":16}},"59":{"start":{"line":60,"column":0},"end":{"line":60,"column":33}},"60":{"start":{"line":61,"column":0},"end":{"line":61,"column":3}},"61":{"start":{"line":62,"column":0},"end":{"line":62,"column":26}},"62":{"start":{"line":63,"column":0},"end":{"line":63,"column":12}},"63":{"start":{"line":64,"column":0},"end":{"line":64,"column":29}},"64":{"start":{"line":65,"column":0},"end":{"line":65,"column":51}},"65":{"start":{"line":66,"column":0},"end":{"line":66,"column":12}},"67":{"start":{"line":68,"column":0},"end":{"line":68,"column":3}},"69":{"start":{"line":70,"column":0},"end":{"line":70,"column":10}},"70":{"start":{"line":71,"column":0},"end":{"line":71,"column":37}},"71":{"start":{"line":72,"column":0},"end":{"line":72,"column":88}},"72":{"start":{"line":73,"column":0},"end":{"line":73,"column":27}},"73":{"start":{"line":74,"column":0},"end":{"line":74,"column":13}},"74":{"start":{"line":75,"column":0},"end":{"line":75,"column":23}},"75":{"start":{"line":76,"column":0},"end":{"line":76,"column":22}},"76":{"start":{"line":77,"column":0},"end":{"line":77,"column":28}},"77":{"start":{"line":78,"column":0},"end":{"line":78,"column":42}},"78":{"start":{"line":79,"column":0},"end":{"line":79,"column":46}},"79":{"start":{"line":80,"column":0},"end":{"line":80,"column":28}},"80":{"start":{"line":81,"column":0},"end":{"line":81,"column":34}},"81":{"start":{"line":82,"column":0},"end":{"line":82,"column":10}},"82":{"start":{"line":83,"column":0},"end":{"line":83,"column":9}},"83":{"start":{"line":84,"column":0},"end":{"line":84,"column":10}},"85":{"start":{"line":86,"column":0},"end":{"line":86,"column":2}},"87":{"start":{"line":88,"column":0},"end":{"line":88,"column":24}}},"s":{"0":1,"1":1,"2":1,"5":1,"20":1,"21":4,"22":4,"23":4,"25":4,"27":2,"28":2,"31":2,"33":2,"34":2,"35":2,"36":2,"37":2,"38":2,"39":0,"40":0,"41":0,"42":2,"44":2,"45":2,"46":2,"47":2,"48":4,"50":4,"51":0,"52":0,"53":0,"55":4,"56":0,"57":0,"58":4,"59":2,"60":2,"61":4,"62":1,"63":1,"64":1,"65":1,"67":1,"69":1,"70":1,"71":1,"72":1,"73":2,"74":2,"75":2,"76":2,"77":2,"78":2,"79":2,"80":2,"81":2,"82":1,"83":1,"85":1,"87":1},"branchMap":{"0":{"type":"branch","line":21,"loc":{"start":{"line":21,"column":17},"end":{"line":86,"column":2}},"locations":[{"start":{"line":21,"column":17},"end":{"line":86,"column":2}}]},"1":{"type":"branch","line":56,"loc":{"start":{"line":56,"column":13},"end":{"line":58,"column":3}},"locations":[{"start":{"line":56,"column":13},"end":{"line":58,"column":3}}]},"2":{"type":"branch","line":59,"loc":{"start":{"line":59,"column":15},"end":{"line":62,"column":25}},"locations":[{"start":{"line":59,"column":15},"end":{"line":62,"column":25}}]},"3":{"type":"branch","line":62,"loc":{"start":{"line":62,"column":25},"end":{"line":86,"column":2}},"locations":[{"start":{"line":62,"column":25},"end":{"line":86,"column":2}}]},"4":{"type":"branch","line":26,"loc":{"start":{"line":26,"column":12},"end":{"line":49,"column":5}},"locations":[{"start":{"line":26,"column":12},"end":{"line":49,"column":5}}]},"5":{"type":"branch","line":35,"loc":{"start":{"line":35,"column":12},"end":{"line":38,"column":7}},"locations":[{"start":{"line":35,"column":12},"end":{"line":38,"column":7}}]},"6":{"type":"branch","line":45,"loc":{"start":{"line":45,"column":11},"end":{"line":48,"column":6}},"locations":[{"start":{"line":45,"column":11},"end":{"line":48,"column":6}}]},"7":{"type":"branch","line":73,"loc":{"start":{"line":73,"column":16},"end":{"line":82,"column":10}},"locations":[{"start":{"line":73,"column":16},"end":{"line":82,"column":10}}]}},"b":{"0":[4],"1":[0],"2":[2],"3":[1],"4":[2],"5":[2],"6":[2],"7":[2]},"fnMap":{"0":{"name":"CardList","decl":{"start":{"line":21,"column":17},"end":{"line":86,"column":2}},"loc":{"start":{"line":21,"column":17},"end":{"line":86,"column":2}},"line":21},"1":{"name":"errorHandle","decl":{"start":{"line":51,"column":22},"end":{"line":54,"column":4}},"loc":{"start":{"line":51,"column":22},"end":{"line":54,"column":4}},"line":51}},"f":{"0":4,"1":0}}
,"C:\\Users\\John\\WebstormProjects\\RSschool\\vite-project\\src\\components\\NavBar\\NavBar.tsx": {"path":"C:\\Users\\John\\WebstormProjects\\RSschool\\vite-project\\src\\components\\NavBar\\NavBar.tsx","all":false,"statementMap":{"0":{"start":{"line":1,"column":0},"end":{"line":1,"column":41}},"1":{"start":{"line":2,"column":0},"end":{"line":2,"column":34}},"2":{"start":{"line":3,"column":0},"end":{"line":3,"column":40}},"3":{"start":{"line":4,"column":0},"end":{"line":4,"column":45}},"6":{"start":{"line":7,"column":0},"end":{"line":7,"column":26}},"7":{"start":{"line":8,"column":0},"end":{"line":8,"column":10}},"8":{"start":{"line":9,"column":0},"end":{"line":9,"column":35}},"9":{"start":{"line":10,"column":0},"end":{"line":10,"column":10}},"10":{"start":{"line":11,"column":0},"end":{"line":11,"column":37}},"11":{"start":{"line":12,"column":0},"end":{"line":12,"column":26}},"12":{"start":{"line":13,"column":0},"end":{"line":13,"column":67}},"13":{"start":{"line":14,"column":0},"end":{"line":14,"column":15}},"14":{"start":{"line":15,"column":0},"end":{"line":15,"column":11}},"15":{"start":{"line":16,"column":0},"end":{"line":16,"column":11}},"16":{"start":{"line":17,"column":0},"end":{"line":17,"column":10}},"18":{"start":{"line":19,"column":0},"end":{"line":19,"column":2}},"20":{"start":{"line":21,"column":0},"end":{"line":21,"column":22}}},"s":{"0":1,"1":1,"2":1,"3":1,"6":1,"7":1,"8":1,"9":1,"10":1,"11":2,"12":2,"13":2,"14":1,"15":1,"16":1,"18":1,"20":1},"branchMap":{"0":{"type":"branch","line":7,"loc":{"start":{"line":7,"column":19},"end":{"line":19,"column":2}},"locations":[{"start":{"line":7,"column":19},"end":{"line":19,"column":2}}]},"1":{"type":"branch","line":11,"loc":{"start":{"line":11,"column":19},"end":{"line":14,"column":15}},"locations":[{"start":{"line":11,"column":19},"end":{"line":14,"column":15}}]}},"b":{"0":[1],"1":[2]},"fnMap":{"0":{"name":"NavBar","decl":{"start":{"line":7,"column":19},"end":{"line":19,"column":2}},"loc":{"start":{"line":7,"column":19},"end":{"line":19,"column":2}},"line":7}},"f":{"0":1}}
,"C:\\Users\\John\\WebstormProjects\\RSschool\\vite-project\\src\\components\\Search\\SearchContainer.tsx": {"path":"C:\\Users\\John\\WebstormProjects\\RSschool\\vite-project\\src\\components\\Search\\SearchContainer.tsx","all":false,"statementMap":{"0":{"start":{"line":1,"column":0},"end":{"line":1,"column":44}},"1":{"start":{"line":2,"column":0},"end":{"line":2,"column":41}},"9":{"start":{"line":10,"column":0},"end":{"line":10,"column":52}},"10":{"start":{"line":11,"column":0},"end":{"line":11,"column":9}},"11":{"start":{"line":12,"column":0},"end":{"line":12,"column":12}},"12":{"start":{"line":13,"column":0},"end":{"line":13,"column":29}},"13":{"start":{"line":14,"column":0},"end":{"line":14,"column":61}},"15":{"start":{"line":16,"column":0},"end":{"line":16,"column":47}},"16":{"start":{"line":17,"column":0},"end":{"line":17,"column":24}},"17":{"start":{"line":18,"column":0},"end":{"line":18,"column":25}},"18":{"start":{"line":19,"column":0},"end":{"line":19,"column":31}},"19":{"start":{"line":20,"column":0},"end":{"line":20,"column":50}},"20":{"start":{"line":21,"column":0},"end":{"line":21,"column":4}},"22":{"start":{"line":23,"column":0},"end":{"line":23,"column":68}},"23":{"start":{"line":24,"column":0},"end":{"line":24,"column":33}},"24":{"start":{"line":25,"column":0},"end":{"line":25,"column":4}},"26":{"start":{"line":27,"column":0},"end":{"line":27,"column":68}},"27":{"start":{"line":28,"column":0},"end":{"line":28,"column":23}},"28":{"start":{"line":29,"column":0},"end":{"line":29,"column":27}},"29":{"start":{"line":30,"column":0},"end":{"line":30,"column":35}},"30":{"start":{"line":31,"column":0},"end":{"line":31,"column":4}},"32":{"start":{"line":33,"column":0},"end":{"line":33,"column":10}},"33":{"start":{"line":34,"column":0},"end":{"line":34,"column":41}},"34":{"start":{"line":35,"column":0},"end":{"line":35,"column":31}},"35":{"start":{"line":36,"column":0},"end":{"line":36,"column":11}},"36":{"start":{"line":37,"column":0},"end":{"line":37,"column":71}},"37":{"start":{"line":38,"column":0},"end":{"line":38,"column":54}},"38":{"start":{"line":39,"column":0},"end":{"line":39,"column":12}},"39":{"start":{"line":40,"column":0},"end":{"line":40,"column":13}},"41":{"start":{"line":42,"column":0},"end":{"line":42,"column":2}},"43":{"start":{"line":44,"column":0},"end":{"line":44,"column":31}}},"s":{"0":1,"1":1,"9":1,"10":4,"11":4,"12":4,"13":4,"15":4,"16":1,"17":1,"18":1,"19":1,"20":1,"22":4,"23":1,"24":1,"26":4,"27":1,"28":1,"29":1,"30":1,"32":4,"33":4,"34":4,"35":4,"36":4,"37":4,"38":4,"39":4,"41":4,"43":1},"branchMap":{"0":{"type":"branch","line":10,"loc":{"start":{"line":10,"column":50},"end":{"line":42,"column":2}},"locations":[{"start":{"line":10,"column":50},"end":{"line":42,"column":2}}]},"1":{"type":"branch","line":16,"loc":{"start":{"line":16,"column":23},"end":{"line":21,"column":4}},"locations":[{"start":{"line":16,"column":23},"end":{"line":21,"column":4}}]},"2":{"type":"branch","line":23,"loc":{"start":{"line":23,"column":23},"end":{"line":25,"column":4}},"locations":[{"start":{"line":23,"column":23},"end":{"line":25,"column":4}}]},"3":{"type":"branch","line":27,"loc":{"start":{"line":27,"column":23},"end":{"line":31,"column":4}},"locations":[{"start":{"line":27,"column":23},"end":{"line":31,"column":4}}]}},"b":{"0":[4],"1":[1],"2":[1],"3":[1]},"fnMap":{"0":{"name":"SearchContainer","decl":{"start":{"line":10,"column":50},"end":{"line":42,"column":2}},"loc":{"start":{"line":10,"column":50},"end":{"line":42,"column":2}},"line":10},"1":{"name":"handleSearch","decl":{"start":{"line":16,"column":23},"end":{"line":21,"column":4}},"loc":{"start":{"line":16,"column":23},"end":{"line":21,"column":4}},"line":16},"2":{"name":"handleChange","decl":{"start":{"line":23,"column":23},"end":{"line":25,"column":4}},"loc":{"start":{"line":23,"column":23},"end":{"line":25,"column":4}},"line":23},"3":{"name":"handleSubmit","decl":{"start":{"line":27,"column":23},"end":{"line":31,"column":4}},"loc":{"start":{"line":27,"column":23},"end":{"line":31,"column":4}},"line":27}},"f":{"0":4,"1":1,"2":1,"3":1}}
,"C:\\Users\\John\\WebstormProjects\\RSschool\\vite-project\\src\\services\\ErrorBoundary.tsx": {"path":"C:\\Users\\John\\WebstormProjects\\RSschool\\vite-project\\src\\services\\ErrorBoundary.tsx","all":true,"statementMap":{"0":{"start":{"line":1,"column":0},"end":{"line":1,"column":63}},"12":{"start":{"line":13,"column":0},"end":{"line":13,"column":79}},"13":{"start":{"line":14,"column":0},"end":{"line":14,"column":42}},"14":{"start":{"line":15,"column":0},"end":{"line":15,"column":17}},"15":{"start":{"line":16,"column":0},"end":{"line":16,"column":67}},"16":{"start":{"line":17,"column":0},"end":{"line":17,"column":3}},"18":{"start":{"line":19,"column":0},"end":{"line":19,"column":49}},"19":{"start":{"line":20,"column":0},"end":{"line":20,"column":68}},"20":{"start":{"line":21,"column":0},"end":{"line":21,"column":37}},"21":{"start":{"line":22,"column":0},"end":{"line":22,"column":3}},"23":{"start":{"line":24,"column":0},"end":{"line":24,"column":57}},"24":{"start":{"line":25,"column":0},"end":{"line":25,"column":74}},"25":{"start":{"line":26,"column":0},"end":{"line":26,"column":48}},"26":{"start":{"line":27,"column":0},"end":{"line":27,"column":3}},"28":{"start":{"line":29,"column":0},"end":{"line":29,"column":12}},"29":{"start":{"line":30,"column":0},"end":{"line":30,"column":30}},"30":{"start":{"line":31,"column":0},"end":{"line":31,"column":14}},"31":{"start":{"line":32,"column":0},"end":{"line":32,"column":13}},"32":{"start":{"line":33,"column":0},"end":{"line":33,"column":39}},"33":{"start":{"line":34,"column":0},"end":{"line":34,"column":54}},"34":{"start":{"line":35,"column":0},"end":{"line":35,"column":61}},"35":{"start":{"line":36,"column":0},"end":{"line":36,"column":18}},"36":{"start":{"line":37,"column":0},"end":{"line":37,"column":50}},"37":{"start":{"line":38,"column":0},"end":{"line":38,"column":20}},"38":{"start":{"line":39,"column":0},"end":{"line":39,"column":14}},"40":{"start":{"line":41,"column":0},"end":{"line":41,"column":5}},"42":{"start":{"line":43,"column":0},"end":{"line":43,"column":31}},"43":{"start":{"line":44,"column":0},"end":{"line":44,"column":3}},"44":{"start":{"line":45,"column":0},"end":{"line":45,"column":1}},"46":{"start":{"line":47,"column":0},"end":{"line":47,"column":29}}},"s":{"0":0,"12":0,"13":0,"14":0,"15":0,"16":0,"18":0,"19":0,"20":0,"21":0,"23":0,"24":0,"25":0,"26":0,"28":0,"29":0,"30":0,"31":0,"32":0,"33":0,"34":0,"35":0,"36":0,"37":0,"38":0,"40":0,"42":0,"43":0,"44":0,"46":0},"branchMap":{"0":{"type":"branch","line":1,"loc":{"start":{"line":1,"column":0},"end":{"line":47,"column":29}},"locations":[{"start":{"line":1,"column":0},"end":{"line":47,"column":29}}]}},"b":{"0":[0]},"fnMap":{"0":{"name":"(empty-report)","decl":{"start":{"line":1,"column":0},"end":{"line":47,"column":29}},"loc":{"start":{"line":1,"column":0},"end":{"line":47,"column":29}},"line":1}},"f":{"0":0}}
,"C:\\Users\\John\\WebstormProjects\\RSschool\\vite-project\\src\\services\\apiService.ts": {"path":"C:\\Users\\John\\WebstormProjects\\RSschool\\vite-project\\src\\services\\apiService.ts","all":true,"statementMap":{"0":{"start":{"line":1,"column":0},"end":{"line":1,"column":26}},"2":{"start":{"line":3,"column":0},"end":{"line":3,"column":57}},"4":{"start":{"line":5,"column":0},"end":{"line":5,"column":47}},"5":{"start":{"line":6,"column":0},"end":{"line":6,"column":51}},"7":{"start":{"line":8,"column":0},"end":{"line":8,"column":26}},"8":{"start":{"line":9,"column":0},"end":{"line":9,"column":19}},"9":{"start":{"line":10,"column":0},"end":{"line":10,"column":18}},"10":{"start":{"line":11,"column":0},"end":{"line":11,"column":3}},"12":{"start":{"line":13,"column":0},"end":{"line":13,"column":63}},"13":{"start":{"line":14,"column":0},"end":{"line":14,"column":42}},"14":{"start":{"line":15,"column":0},"end":{"line":15,"column":7}},"15":{"start":{"line":16,"column":0},"end":{"line":16,"column":62}},"16":{"start":{"line":17,"column":0},"end":{"line":17,"column":41}},"17":{"start":{"line":18,"column":0},"end":{"line":18,"column":15}},"18":{"start":{"line":19,"column":0},"end":{"line":19,"column":22}},"19":{"start":{"line":20,"column":0},"end":{"line":20,"column":64}},"20":{"start":{"line":21,"column":0},"end":{"line":21,"column":18}},"22":{"start":{"line":23,"column":0},"end":{"line":23,"column":8}},"23":{"start":{"line":24,"column":0},"end":{"line":24,"column":7}},"25":{"start":{"line":26,"column":0},"end":{"line":26,"column":34}},"26":{"start":{"line":27,"column":0},"end":{"line":27,"column":34}},"27":{"start":{"line":28,"column":0},"end":{"line":28,"column":49}},"28":{"start":{"line":29,"column":0},"end":{"line":29,"column":19}},"29":{"start":{"line":30,"column":0},"end":{"line":30,"column":50}},"30":{"start":{"line":31,"column":0},"end":{"line":31,"column":16}},"31":{"start":{"line":32,"column":0},"end":{"line":32,"column":3}},"32":{"start":{"line":33,"column":0},"end":{"line":33,"column":2}},"34":{"start":{"line":35,"column":0},"end":{"line":35,"column":54}},"35":{"start":{"line":36,"column":0},"end":{"line":36,"column":27}},"36":{"start":{"line":37,"column":0},"end":{"line":37,"column":44}},"38":{"start":{"line":39,"column":0},"end":{"line":39,"column":37}},"39":{"start":{"line":40,"column":0},"end":{"line":40,"column":24}},"40":{"start":{"line":41,"column":0},"end":{"line":41,"column":71}},"42":{"start":{"line":43,"column":0},"end":{"line":43,"column":16}},"43":{"start":{"line":44,"column":0},"end":{"line":44,"column":21}},"44":{"start":{"line":45,"column":0},"end":{"line":45,"column":26}},"45":{"start":{"line":46,"column":0},"end":{"line":46,"column":10}},"46":{"start":{"line":47,"column":0},"end":{"line":47,"column":14}},"47":{"start":{"line":48,"column":0},"end":{"line":48,"column":23}},"48":{"start":{"line":49,"column":0},"end":{"line":49,"column":7}},"49":{"start":{"line":50,"column":0},"end":{"line":50,"column":7}},"50":{"start":{"line":51,"column":0},"end":{"line":51,"column":4}},"51":{"start":{"line":52,"column":0},"end":{"line":52,"column":2}}},"s":{"0":0,"2":0,"4":0,"5":0,"7":0,"8":0,"9":0,"10":0,"12":0,"13":0,"14":0,"15":0,"16":0,"17":0,"18":0,"19":0,"20":0,"22":0,"23":0,"25":0,"26":0,"27":0,"28":0,"29":0,"30":0,"31":0,"32":0,"34":0,"35":0,"36":0,"38":0,"39":0,"40":0,"42":0,"43":0,"44":0,"45":0,"46":0,"47":0,"48":0,"49":0,"50":0,"51":0},"branchMap":{"0":{"type":"branch","line":1,"loc":{"start":{"line":1,"column":0},"end":{"line":52,"column":-121}},"locations":[{"start":{"line":1,"column":0},"end":{"line":52,"column":-121}}]}},"b":{"0":[0]},"fnMap":{"0":{"name":"(empty-report)","decl":{"start":{"line":1,"column":0},"end":{"line":52,"column":-121}},"loc":{"start":{"line":1,"column":0},"end":{"line":52,"column":-121}},"line":1}},"f":{"0":0}}
,"C:\\Users\\John\\WebstormProjects\\RSschool\\vite-project\\src\\types\\Const.ts": {"path":"C:\\Users\\John\\WebstormProjects\\RSschool\\vite-project\\src\\types\\Const.ts","all":true,"statementMap":{"2":{"start":{"line":3,"column":0},"end":{"line":3,"column":31}},"3":{"start":{"line":4,"column":0},"end":{"line":4,"column":35}},"4":{"start":{"line":5,"column":0},"end":{"line":5,"column":37}},"5":{"start":{"line":6,"column":0},"end":{"line":6,"column":41}},"6":{"start":{"line":7,"column":0},"end":{"line":7,"column":2}}},"s":{"2":0,"3":0,"4":0,"5":0,"6":0},"branchMap":{"0":{"type":"branch","line":1,"loc":{"start":{"line":1,"column":191},"end":{"line":7,"column":2}},"locations":[{"start":{"line":1,"column":191},"end":{"line":7,"column":2}}]}},"b":{"0":[1]},"fnMap":{"0":{"name":"(empty-report)","decl":{"start":{"line":1,"column":191},"end":{"line":7,"column":2}},"loc":{"start":{"line":1,"column":191},"end":{"line":7,"column":2}},"line":1}},"f":{"0":1}}
,"C:\\Users\\John\\WebstormProjects\\RSschool\\vite-project\\src\\types\\types.ts": {"path":"C:\\Users\\John\\WebstormProjects\\RSschool\\vite-project\\src\\types\\types.ts","all":true,"statementMap":{},"s":{},"branchMap":{"0":{"type":"branch","line":1,"loc":{"start":{"line":1,"column":212},"end":{"line":13,"column":1}},"locations":[{"start":{"line":1,"column":212},"end":{"line":13,"column":1}}]}},"b":{"0":[1]},"fnMap":{"0":{"name":"(empty-report)","decl":{"start":{"line":1,"column":212},"end":{"line":13,"column":1}},"loc":{"start":{"line":1,"column":212},"end":{"line":13,"column":1}},"line":1}},"f":{"0":1}}
,"C:\\Users\\John\\WebstormProjects\\RSschool\\vite-project\\src\\utils\\RemoveDuplicates.ts": {"path":"C:\\Users\\John\\WebstormProjects\\RSschool\\vite-project\\src\\utils\\RemoveDuplicates.ts","all":true,"statementMap":{"2":{"start":{"line":3,"column":0},"end":{"line":3,"column":62}},"3":{"start":{"line":4,"column":0},"end":{"line":4,"column":28}},"4":{"start":{"line":5,"column":0},"end":{"line":5,"column":32}},"5":{"start":{"line":6,"column":0},"end":{"line":6,"column":46}},"6":{"start":{"line":7,"column":0},"end":{"line":7,"column":28}},"7":{"start":{"line":8,"column":0},"end":{"line":8,"column":22}},"8":{"start":{"line":9,"column":0},"end":{"line":9,"column":5}},"9":{"start":{"line":10,"column":0},"end":{"line":10,"column":2}},"11":{"start":{"line":12,"column":0},"end":{"line":12,"column":32}}},"s":{"2":0,"3":0,"4":0,"5":0,"6":0,"7":0,"8":0,"9":0,"11":0},"branchMap":{"0":{"type":"branch","line":1,"loc":{"start":{"line":1,"column":311},"end":{"line":12,"column":32}},"locations":[{"start":{"line":1,"column":311},"end":{"line":12,"column":32}}]}},"b":{"0":[1]},"fnMap":{"0":{"name":"(empty-report)","decl":{"start":{"line":1,"column":311},"end":{"line":12,"column":32}},"loc":{"start":{"line":1,"column":311},"end":{"line":12,"column":32}},"line":1}},"f":{"0":1}}
,"C:\\Users\\John\\WebstormProjects\\RSschool\\vite-project\\src\\views\\About.tsx": {"path":"C:\\Users\\John\\WebstormProjects\\RSschool\\vite-project\\src\\views\\About.tsx","all":false,"statementMap":{"0":{"start":{"line":1,"column":0},"end":{"line":1,"column":26}},"2":{"start":{"line":3,"column":0},"end":{"line":3,"column":21}},"3":{"start":{"line":4,"column":0},"end":{"line":4,"column":10}},"4":{"start":{"line":5,"column":0},"end":{"line":5,"column":38}},"5":{"start":{"line":6,"column":0},"end":{"line":6,"column":31}},"6":{"start":{"line":7,"column":0},"end":{"line":7,"column":35}},"7":{"start":{"line":8,"column":0},"end":{"line":8,"column":12}},"8":{"start":{"line":9,"column":0},"end":{"line":9,"column":10}},"10":{"start":{"line":11,"column":0},"end":{"line":11,"column":2}},"12":{"start":{"line":13,"column":0},"end":{"line":13,"column":21}}},"s":{"0":1,"2":1,"3":1,"4":1,"5":1,"6":1,"7":1,"8":1,"10":1,"12":1},"branchMap":{"0":{"type":"branch","line":3,"loc":{"start":{"line":3,"column":14},"end":{"line":11,"column":2}},"locations":[{"start":{"line":3,"column":14},"end":{"line":11,"column":2}}]}},"b":{"0":[1]},"fnMap":{"0":{"name":"About","decl":{"start":{"line":3,"column":14},"end":{"line":11,"column":2}},"loc":{"start":{"line":3,"column":14},"end":{"line":11,"column":2}},"line":3}},"f":{"0":1}}
,"C:\\Users\\John\\WebstormProjects\\RSschool\\vite-project\\src\\views\\ErrorPage.tsx": {"path":"C:\\Users\\John\\WebstormProjects\\RSschool\\vite-project\\src\\views\\ErrorPage.tsx","all":true,"statementMap":{"0":{"start":{"line":1,"column":0},"end":{"line":1,"column":26}},"5":{"start":{"line":6,"column":0},"end":{"line":6,"column":26}},"7":{"start":{"line":8,"column":0},"end":{"line":8,"column":35}},"8":{"start":{"line":9,"column":0},"end":{"line":9,"column":33}},"9":{"start":{"line":10,"column":0},"end":{"line":10,"column":41}},"10":{"start":{"line":11,"column":0},"end":{"line":11,"column":23}},"12":{"start":{"line":13,"column":0},"end":{"line":13,"column":37}},"13":{"start":{"line":14,"column":0},"end":{"line":14,"column":16}},"14":{"start":{"line":15,"column":0},"end":{"line":15,"column":3}},"16":{"start":{"line":17,"column":0},"end":{"line":17,"column":10}},"17":{"start":{"line":18,"column":0},"end":{"line":18,"column":32}},"18":{"start":{"line":19,"column":0},"end":{"line":19,"column":30}},"19":{"start":{"line":20,"column":0},"end":{"line":20,"column":53}},"20":{"start":{"line":21,"column":0},"end":{"line":21,"column":9}},"21":{"start":{"line":22,"column":0},"end":{"line":22,"column":50}},"22":{"start":{"line":23,"column":0},"end":{"line":23,"column":10}},"23":{"start":{"line":24,"column":0},"end":{"line":24,"column":66}},"24":{"start":{"line":25,"column":0},"end":{"line":25,"column":10}},"26":{"start":{"line":27,"column":0},"end":{"line":27,"column":2}},"27":{"start":{"line":28,"column":0},"end":{"line":28,"column":25}}},"s":{"0":0,"5":0,"7":0,"8":0,"9":0,"10":0,"12":0,"13":0,"14":0,"16":0,"17":0,"18":0,"19":0,"20":0,"21":0,"22":0,"23":0,"24":0,"26":0,"27":0},"branchMap":{"0":{"type":"branch","line":1,"loc":{"start":{"line":1,"column":0},"end":{"line":28,"column":-236}},"locations":[{"start":{"line":1,"column":0},"end":{"line":28,"column":-236}}]}},"b":{"0":[0]},"fnMap":{"0":{"name":"(empty-report)","decl":{"start":{"line":1,"column":0},"end":{"line":28,"column":-236}},"loc":{"start":{"line":1,"column":0},"end":{"line":28,"column":-236}},"line":1}},"f":{"0":0}}
,"C:\\Users\\John\\WebstormProjects\\RSschool\\vite-project\\src\\views\\Home.tsx": {"path":"C:\\Users\\John\\WebstormProjects\\RSschool\\vite-project\\src\\views\\Home.tsx","all":true,"statementMap":{"0":{"start":{"line":1,"column":0},"end":{"line":1,"column":44}},"1":{"start":{"line":2,"column":0},"end":{"line":2,"column":67}},"2":{"start":{"line":3,"column":0},"end":{"line":3,"column":55}},"3":{"start":{"line":4,"column":0},"end":{"line":4,"column":54}},"5":{"start":{"line":6,"column":0},"end":{"line":6,"column":24}},"6":{"start":{"line":7,"column":0},"end":{"line":7,"column":39}},"7":{"start":{"line":8,"column":0},"end":{"line":8,"column":45}},"8":{"start":{"line":9,"column":0},"end":{"line":9,"column":4}},"10":{"start":{"line":11,"column":0},"end":{"line":11,"column":10}},"11":{"start":{"line":12,"column":0},"end":{"line":12,"column":9}},"12":{"start":{"line":13,"column":0},"end":{"line":13,"column":63}},"13":{"start":{"line":14,"column":0},"end":{"line":14,"column":12}},"15":{"start":{"line":16,"column":0},"end":{"line":16,"column":21}},"16":{"start":{"line":17,"column":0},"end":{"line":17,"column":90}},"17":{"start":{"line":18,"column":0},"end":{"line":18,"column":60}},"18":{"start":{"line":19,"column":0},"end":{"line":19,"column":14}},"19":{"start":{"line":20,"column":0},"end":{"line":20,"column":22}},"20":{"start":{"line":21,"column":0},"end":{"line":21,"column":10}},"22":{"start":{"line":23,"column":0},"end":{"line":23,"column":2}},"24":{"start":{"line":25,"column":0},"end":{"line":25,"column":20}}},"s":{"0":0,"1":0,"2":0,"3":0,"5":0,"6":0,"7":0,"8":0,"10":0,"11":0,"12":0,"13":0,"15":0,"16":0,"17":0,"18":0,"19":0,"20":0,"22":0,"24":0},"branchMap":{"0":{"type":"branch","line":1,"loc":{"start":{"line":1,"column":0},"end":{"line":25,"column":-315}},"locations":[{"start":{"line":1,"column":0},"end":{"line":25,"column":-315}}]}},"b":{"0":[0]},"fnMap":{"0":{"name":"(empty-report)","decl":{"start":{"line":1,"column":0},"end":{"line":25,"column":-315}},"loc":{"start":{"line":1,"column":0},"end":{"line":25,"column":-315}},"line":1}},"f":{"0":0}}
}
